<?xml version="1.0" encoding="UTF-8"?>
<!-- Generated by org.testng.reporters.JUnitReportReporter -->
<testsuite skipped="0" hostname="hp" name="testcase.Screenshot" tests="1" failures="0" timestamp="17 May 2018 09:42:15 GMT" time="11.106" errors="0">
  <testcase name="takeScreenshots" time="11.106" classname="testcase.Screenshot"/>
</testsuite> <!-- testcase.Screenshot -->
