<?xml version="1.0" encoding="UTF-8"?>
<!-- Generated by org.testng.reporters.JUnitReportReporter -->
<testsuite skipped="0" hostname="hp" name="com.pom.Child" tests="2" failures="0" timestamp="23 Jan 2018 11:32:33 GMT" time="0.022" errors="0">
  <testcase name="testb" time="0.020" classname="com.pom.Child"/>
  <testcase name="testa" time="0.002" classname="com.pom.Child"/>
</testsuite> <!-- com.pom.Child -->
