<?xml version="1.0" encoding="UTF-8"?>
<!-- Generated by org.testng.reporters.JUnitReportReporter -->
<testsuite skipped="0" hostname="hp" name="com.pom.Screen" tests="1" failures="0" timestamp="14 May 2018 12:23:48 GMT" time="7.679" errors="0">
  <testcase name="browserSetup" time="7.679" classname="com.pom.Screen"/>
</testsuite> <!-- com.pom.Screen -->
