<?xml version="1.0" encoding="UTF-8"?>
<!-- Generated by org.testng.reporters.JUnitReportReporter -->
<testsuite skipped="0" hostname="hp" name="Testcase.java.demo" tests="1" failures="0" timestamp="05 Apr 2018 12:22:41 GMT" time="17.281" errors="0">
  <testcase name="OpenWb" time="17.281" classname="Testcase.java.demo"/>
</testsuite> <!-- Testcase.java.demo -->
