<?xml version="1.0" encoding="UTF-8"?>
<!-- Generated by org.testng.reporters.JUnitReportReporter -->
<testsuite skipped="0" hostname="hp" name="com.pom.HaFinal" tests="3" failures="0" timestamp="23 Jan 2018 11:31:58 GMT" time="0.029" errors="0">
  <testcase name="tesdfdf" time="0.003" classname="com.pom.HaFinal"/>
  <testcase name="testa" time="0.003" classname="com.pom.HaFinal"/>
  <testcase name="testb" time="0.023" classname="com.pom.HaFinal"/>
</testsuite> <!-- com.pom.HaFinal -->
